<?xml version="1.0" encoding="UTF-8"?>
<!-- Generated by org.testng.reporters.JUnitReportReporter -->
<testsuite hostname="DESKTOP-Q9O9K6P" name="com.training.sanity.tests.LoginTests" tests="1" failures="0" timestamp="27 Aug 2019 06:34:57 GMT" time="12.893" errors="0">
  <testcase name="validLoginTest" time="12.893" classname="com.training.sanity.tests.LoginTests"/>
</testsuite> <!-- com.training.sanity.tests.LoginTests -->
