<?xml version="1.0" encoding="UTF-8"?>
<!-- Generated by org.testng.reporters.JUnitReportReporter -->
<testsuite hostname="DESKTOP-Q9O9K6P" name="com.training.sanity.tests.SignUpTests" tests="1" failures="0" timestamp="27 Aug 2019 06:25:18 GMT" time="42.720" errors="0">
  <testcase name="SignUpTest" time="42.720" classname="com.training.sanity.tests.SignUpTests"/>
</testsuite> <!-- com.training.sanity.tests.SignUpTests -->
