<?xml version="1.0" encoding="UTF-8"?>
<!-- Generated by org.testng.reporters.JUnitReportReporter -->
<testsuite hostname="DESKTOP-Q9O9K6P" name="com.training.sanity.tests.EditTests" tests="1" failures="0" timestamp="27 Aug 2019 06:36:40 GMT" time="16.540" errors="0">
  <testcase name="EditTest" time="16.540" classname="com.training.sanity.tests.EditTests"/>
</testsuite> <!-- com.training.sanity.tests.EditTests -->
